<?xml version="1.0" encoding="UTF-8"?>
<testng-results skipped="0" failed="1" total="3" passed="2">
  <reporter-output>
  </reporter-output>
  <suite name="Test" duration-ms="27736" started-at="2017-10-08T16:32:53Z" finished-at="2017-10-08T16:33:20Z">
    <groups>
    </groups>
    <test name="OrangeHRM_Login" duration-ms="27736" started-at="2017-10-08T16:32:53Z" finished-at="2017-10-08T16:33:20Z">
      <class name="testClasses.RecruitmentPageTest">
        <test-method status="PASS" signature="openVacancies()[pri:0, instance:testClasses.RecruitmentPageTest@1593948d]" name="openVacancies" duration-ms="8102" started-at="2017-10-08T22:03:10Z" finished-at="2017-10-08T22:03:18Z">
          <reporter-output>
          </reporter-output>
        </test-method> <!-- openVacancies -->
        <test-method status="FAIL" signature="addNewVacancy(java.lang.String, java.lang.String, java.lang.String)[pri:0, instance:testClasses.RecruitmentPageTest@1593948d]" name="addNewVacancy" duration-ms="1474" started-at="2017-10-08T22:03:18Z" data-provider="Vacancy Info" finished-at="2017-10-08T22:03:20Z">
          <params>
            <param index="0">
              <value>
                <![CDATA[Assistant CEO]]>
              </value>
            </param>
            <param index="1">
              <value>
                <![CDATA[Linda Anderson]]>
              </value>
            </param>
            <param index="2">
              <value>
                <![CDATA[10]]>
              </value>
            </param>
          </params>
          <exception class="java.lang.AssertionError">
            <message>
              <![CDATA[expected [10] but found []]]>
            </message>
            <full-stacktrace>
              <![CDATA[java.lang.AssertionError: expected [10] but found []
	at org.testng.Assert.fail(Assert.java:94)
	at org.testng.Assert.failNotEquals(Assert.java:494)
	at org.testng.Assert.assertEquals(Assert.java:123)
	at org.testng.Assert.assertEquals(Assert.java:176)
	at org.testng.Assert.assertEquals(Assert.java:186)
	at testClasses.RecruitmentPageTest.addNewVacancy(RecruitmentPageTest.java:44)
	at sun.reflect.NativeMethodAccessorImpl.invoke0(Native Method)
	at sun.reflect.NativeMethodAccessorImpl.invoke(Unknown Source)
	at sun.reflect.DelegatingMethodAccessorImpl.invoke(Unknown Source)
	at java.lang.reflect.Method.invoke(Unknown Source)
	at org.testng.internal.MethodInvocationHelper.invokeMethod(MethodInvocationHelper.java:80)
	at org.testng.internal.Invoker.invokeMethod(Invoker.java:714)
	at org.testng.internal.Invoker.invokeTestMethod(Invoker.java:901)
	at org.testng.internal.Invoker.invokeTestMethods(Invoker.java:1231)
	at org.testng.internal.TestMethodWorker.invokeTestMethods(TestMethodWorker.java:127)
	at org.testng.internal.TestMethodWorker.run(TestMethodWorker.java:111)
	at org.testng.TestRunner.privateRun(TestRunner.java:767)
	at org.testng.TestRunner.run(TestRunner.java:617)
	at org.testng.SuiteRunner.runTest(SuiteRunner.java:334)
	at org.testng.SuiteRunner.runSequentially(SuiteRunner.java:329)
	at org.testng.SuiteRunner.privateRun(SuiteRunner.java:291)
	at org.testng.SuiteRunner.run(SuiteRunner.java:240)
	at org.testng.SuiteRunnerWorker.runSuite(SuiteRunnerWorker.java:52)
	at org.testng.SuiteRunnerWorker.run(SuiteRunnerWorker.java:86)
	at org.testng.TestNG.runSuitesSequentially(TestNG.java:1198)
	at org.testng.TestNG.runSuitesLocally(TestNG.java:1123)
	at org.testng.TestNG.run(TestNG.java:1031)
	at org.testng.remote.AbstractRemoteTestNG.run(AbstractRemoteTestNG.java:114)
	at org.testng.remote.RemoteTestNG.initAndRun(RemoteTestNG.java:251)
	at org.testng.remote.RemoteTestNG.main(RemoteTestNG.java:77)
]]>
            </full-stacktrace>
          </exception> <!-- java.lang.AssertionError -->
          <reporter-output>
          </reporter-output>
        </test-method> <!-- addNewVacancy -->
      </class> <!-- testClasses.RecruitmentPageTest -->
      <class name="testClasses.LoginPageTest">
        <test-method status="PASS" signature="openBrowser()[pri:0, instance:testClasses.LoginPageTest@5419f379]" name="openBrowser" is-config="true" duration-ms="10377" started-at="2017-10-08T22:02:53Z" finished-at="2017-10-08T22:03:03Z">
          <reporter-output>
          </reporter-output>
        </test-method> <!-- openBrowser -->
        <test-method status="PASS" signature="loginWithValidCredentials(java.lang.String, java.lang.String)[pri:0, instance:testClasses.LoginPageTest@5419f379]" name="loginWithValidCredentials" duration-ms="7120" started-at="2017-10-08T22:03:03Z" data-provider="Login Authentication" finished-at="2017-10-08T22:03:10Z">
          <params>
            <param index="0">
              <value>
                <![CDATA[Admin]]>
              </value>
            </param>
            <param index="1">
              <value>
                <![CDATA[admin]]>
              </value>
            </param>
          </params>
          <reporter-output>
          </reporter-output>
        </test-method> <!-- loginWithValidCredentials -->
        <test-method status="PASS" signature="closeBrowser()[pri:0, instance:testClasses.LoginPageTest@5419f379]" name="closeBrowser" is-config="true" duration-ms="598" started-at="2017-10-08T22:03:20Z" finished-at="2017-10-08T22:03:20Z">
          <reporter-output>
          </reporter-output>
        </test-method> <!-- closeBrowser -->
      </class> <!-- testClasses.LoginPageTest -->
    </test> <!-- OrangeHRM_Login -->
  </suite> <!-- Test -->
</testng-results>
